# JRE version: Java(TM) SE Runtime Environment (17.0.2+8) (build 17.0.2+8-LTS-86)
# Java VM: Java HotSpot(TM) 64-Bit Server VM (17.0.2+8-LTS-86, mixed mode, sharing, tiered, compressed oops, compressed class ptrs, g1 gc, windows-amd64)
GC Precious Log:
 CPUs: 8 total, 8 available
 Memory: 16057M
 Large Page Support: Disabled
 NUMA Support: Disabled
 Compressed Oops: Enabled (32-bit)
 Heap Region Size: 1M
 Heap Min Capacity: 256M
 Heap Initial Capacity: 256M
 Heap Max Capacity: 512M
 Pre-touch: Disabled
 Parallel Workers: 8
 Concurrent Workers: 2
 Concurrent Refinement Workers: 8
 Periodic GC: Disabled
Heap:
 garbage-first heap   total 262144K, used 123328K [0x00000000e0000000, 0x0000000100000000)
  region size 1024K, 70 young (71680K), 16 survivors (16384K)
 Metaspace       used 63243K, committed 63744K, reserved 372736K
  class space    used 8744K, committed 8960K, reserved 315392K
GC Heap History (20 events):
Event: 158.562 GC heap before
{Heap before GC invocations=3 (full 0):
 garbage-first heap   total 262144K, used 126168K [0x00000000e0000000, 0x0000000100000000)
  region size 1024K, 112 young (114688K), 5 survivors (5120K)
 Metaspace       used 21171K, committed 21504K, reserved 339968K
  class space    used 3080K, committed 3264K, reserved 315392K
}
Event: 158.590 GC heap after
{Heap after GC invocations=4 (full 0):
 garbage-first heap   total 262144K, used 24801K [0x00000000e0000000, 0x0000000100000000)
  region size 1024K, 12 young (12288K), 12 survivors (12288K)
 Metaspace       used 21171K, committed 21504K, reserved 339968K
  class space    used 3080K, committed 3264K, reserved 315392K
}
Event: 349.368 GC heap before
{Heap before GC invocations=5 (full 0):
 garbage-first heap   total 262144K, used 155873K [0x00000000e0000000, 0x0000000100000000)
  region size 1024K, 137 young (140288K), 12 survivors (12288K)
 Metaspace       used 35534K, committed 35968K, reserved 348160K
  class space    used 4911K, committed 5120K, reserved 315392K
}
Event: 349.451 GC heap after
{Heap after GC invocations=6 (full 0):
 garbage-first heap   total 262144K, used 33350K [0x00000000e0000000, 0x0000000100000000)
  region size 1024K, 16 young (16384K), 16 survivors (16384K)
 Metaspace       used 35534K, committed 35968K, reserved 348160K
  class space    used 4911K, committed 5120K, reserved 315392K
}
Event: 1031.207 GC heap before
{Heap before GC invocations=7 (full 0):
 garbage-first heap   total 262144K, used 174662K [0x00000000e0000000, 0x0000000100000000)
  region size 1024K, 153 young (156672K), 16 survivors (16384K)
 Metaspace       used 45182K, committed 45632K, reserved 356352K
  class space    used 6333K, committed 6528K, reserved 315392K
}
Event: 1031.578 GC heap after
{Heap after GC invocations=8 (full 0):
 garbage-first heap   total 262144K, used 37281K [0x00000000e0000000, 0x0000000100000000)
  region size 1024K, 13 young (13312K), 13 survivors (13312K)
 Metaspace       used 45182K, committed 45632K, reserved 356352K
  class space    used 6333K, committed 6528K, reserved 315392K
}
Event: 1134.579 GC heap before
{Heap before GC invocations=8 (full 0):
 garbage-first heap   total 262144K, used 85409K [0x00000000e0000000, 0x0000000100000000)
  region size 1024K, 61 young (62464K), 13 survivors (13312K)
 Metaspace       used 46569K, committed 47104K, reserved 356352K
  class space    used 6545K, committed 6784K, reserved 315392K
}
Event: 1134.601 GC heap after
{Heap after GC invocations=9 (full 0):
 garbage-first heap   total 262144K, used 40322K [0x00000000e0000000, 0x0000000100000000)
  region size 1024K, 8 young (8192K), 8 survivors (8192K)
 Metaspace       used 46569K, committed 47104K, reserved 356352K
  class space    used 6545K, committed 6784K, reserved 315392K
}
Event: 1168.502 GC heap before
{Heap before GC invocations=9 (full 0):
 garbage-first heap   total 262144K, used 187778K [0x00000000e0000000, 0x0000000100000000)
  region size 1024K, 153 young (156672K), 8 survivors (8192K)
 Metaspace       used 56401K, committed 56896K, reserved 364544K
  class space    used 7971K, committed 8192K, reserved 315392K
}
Event: 1168.528 GC heap after
{Heap after GC invocations=10 (full 0):
 garbage-first heap   total 262144K, used 49466K [0x00000000e0000000, 0x0000000100000000)
  region size 1024K, 17 young (17408K), 17 survivors (17408K)
 Metaspace       used 56401K, committed 56896K, reserved 364544K
  class space    used 7971K, committed 8192K, reserved 315392K
}
Event: 1264.527 GC heap before
{Heap before GC invocations=10 (full 0):
 garbage-first heap   total 262144K, used 108858K [0x00000000e0000000, 0x0000000100000000)
  region size 1024K, 76 young (77824K), 17 survivors (17408K)
 Metaspace       used 59514K, committed 60096K, reserved 372736K
  class space    used 8416K, committed 8704K, reserved 315392K
}
Event: 1264.555 GC heap after
{Heap after GC invocations=11 (full 0):
 garbage-first heap   total 262144K, used 53544K [0x00000000e0000000, 0x0000000100000000)
  region size 1024K, 15 young (15360K), 15 survivors (15360K)
 Metaspace       used 59514K, committed 60096K, reserved 372736K
  class space    used 8416K, committed 8704K, reserved 315392K
}
Event: 2071.722 GC heap before
{Heap before GC invocations=12 (full 0):
 garbage-first heap   total 262144K, used 194856K [0x00000000e0000000, 0x0000000100000000)
  region size 1024K, 153 young (156672K), 15 survivors (15360K)
 Metaspace       used 60270K, committed 60800K, reserved 372736K
  class space    used 8458K, committed 8704K, reserved 315392K
}
Event: 2071.894 GC heap after
{Heap after GC invocations=13 (full 0):
 garbage-first heap   total 262144K, used 54599K [0x00000000e0000000, 0x0000000100000000)
  region size 1024K, 6 young (6144K), 6 survivors (6144K)
 Metaspace       used 60270K, committed 60800K, reserved 372736K
  class space    used 8458K, committed 8704K, reserved 315392K
}
Event: 2139.963 GC heap before
{Heap before GC invocations=13 (full 0):
 garbage-first heap   total 262144K, used 60743K [0x00000000e0000000, 0x0000000100000000)
  region size 1024K, 12 young (12288K), 6 survivors (6144K)
 Metaspace       used 60303K, committed 60800K, reserved 372736K
  class space    used 8461K, committed 8704K, reserved 315392K
}
Event: 2139.979 GC heap after
{Heap after GC invocations=14 (full 0):
 garbage-first heap   total 262144K, used 55032K [0x00000000e0000000, 0x0000000100000000)
  region size 1024K, 2 young (2048K), 2 survivors (2048K)
 Metaspace       used 60303K, committed 60800K, reserved 372736K
  class space    used 8461K, committed 8704K, reserved 315392K
}
Event: 2980.245 GC heap before
{Heap before GC invocations=14 (full 0):
 garbage-first heap   total 262144K, used 204536K [0x00000000e0000000, 0x0000000100000000)
  region size 1024K, 149 young (152576K), 2 survivors (2048K)
 Metaspace       used 61189K, committed 61760K, reserved 372736K
  class space    used 8499K, committed 8768K, reserved 315392K
}
Event: 2980.288 GC heap after
{Heap after GC invocations=15 (full 0):
 garbage-first heap   total 262144K, used 62991K [0x00000000e0000000, 0x0000000100000000)
  region size 1024K, 9 young (9216K), 9 survivors (9216K)
 Metaspace       used 61189K, committed 61760K, reserved 372736K
  class space    used 8499K, committed 8768K, reserved 315392K
}
Event: 3373.813 GC heap before
{Heap before GC invocations=15 (full 0):
 garbage-first heap   total 262144K, used 207375K [0x00000000e0000000, 0x0000000100000000)
  region size 1024K, 150 young (153600K), 9 survivors (9216K)
 Metaspace       used 61810K, committed 62336K, reserved 372736K
  class space    used 8502K, committed 8768K, reserved 315392K
}
Event: 3373.860 GC heap after
{Heap after GC invocations=16 (full 0):
 garbage-first heap   total 262144K, used 70080K [0x00000000e0000000, 0x0000000100000000)
  region size 1024K, 16 young (16384K), 16 survivors (16384K)
 Metaspace       used 61810K, committed 62336K, reserved 372736K
  class space    used 8502K, committed 8768K, reserved 315392K
}

