# JRE version: Java(TM) SE Runtime Environment (17.0.2+8) (build 17.0.2+8-LTS-86)
# Java VM: Java HotSpot(TM) 64-Bit Server VM (17.0.2+8-LTS-86, mixed mode, sharing, tiered, compressed oops, compressed class ptrs, g1 gc, windows-amd64)
GC Precious Log:
 CPUs: 8 total, 8 available
 Memory: 16057M
 Large Page Support: Disabled
 NUMA Support: Disabled
 Compressed Oops: Enabled (32-bit)
 Heap Region Size: 1M
 Heap Min Capacity: 256M
 Heap Initial Capacity: 256M
 Heap Max Capacity: 512M
 Pre-touch: Disabled
 Parallel Workers: 8
 Concurrent Workers: 2
 Concurrent Refinement Workers: 8
 Periodic GC: Disabled
Heap:
 garbage-first heap   total 262144K, used 50601K [0x00000000e0000000, 0x0000000100000000)
  region size 1024K, 41 young (41984K), 14 survivors (14336K)
 Metaspace       used 23993K, committed 24384K, reserved 339968K
  class space    used 3545K, committed 3712K, reserved 315392K
GC Heap History (8 events):
Event: 75.913 GC heap before
{Heap before GC invocations=0 (full 0):
 garbage-first heap   total 262144K, used 22528K [0x00000000e0000000, 0x0000000100000000)
  region size 1024K, 23 young (23552K), 0 survivors (0K)
 Metaspace       used 1125K, committed 1280K, reserved 323584K
  class space    used 77K, committed 128K, reserved 315392K
}
Event: 76.049 GC heap after
{Heap after GC invocations=1 (full 0):
 garbage-first heap   total 262144K, used 4768K [0x00000000e0000000, 0x0000000100000000)
  region size 1024K, 3 young (3072K), 3 survivors (3072K)
 Metaspace       used 1125K, committed 1280K, reserved 323584K
  class space    used 77K, committed 128K, reserved 315392K
}
Event: 131.905 GC heap before
{Heap before GC invocations=1 (full 0):
 garbage-first heap   total 262144K, used 38560K [0x00000000e0000000, 0x0000000100000000)
  region size 1024K, 33 young (33792K), 3 survivors (3072K)
 Metaspace       used 4385K, committed 4544K, reserved 323584K
  class space    used 545K, committed 640K, reserved 315392K
}
Event: 131.919 GC heap after
{Heap after GC invocations=2 (full 0):
 garbage-first heap   total 262144K, used 12084K [0x00000000e0000000, 0x0000000100000000)
  region size 1024K, 5 young (5120K), 5 survivors (5120K)
 Metaspace       used 4385K, committed 4544K, reserved 323584K
  class space    used 545K, committed 640K, reserved 315392K
}
Event: 194.719 GC heap before
{Heap before GC invocations=2 (full 0):
 garbage-first heap   total 262144K, used 55092K [0x00000000e0000000, 0x0000000100000000)
  region size 1024K, 45 young (46080K), 5 survivors (5120K)
 Metaspace       used 4504K, committed 4672K, reserved 323584K
  class space    used 549K, committed 640K, reserved 315392K
}
Event: 194.727 GC heap after
{Heap after GC invocations=3 (full 0):
 garbage-first heap   total 262144K, used 17582K [0x00000000e0000000, 0x0000000100000000)
  region size 1024K, 6 young (6144K), 6 survivors (6144K)
 Metaspace       used 4504K, committed 4672K, reserved 323584K
  class space    used 549K, committed 640K, reserved 315392K
}
Event: 378.968 GC heap before
{Heap before GC invocations=3 (full 0):
 garbage-first heap   total 262144K, used 131246K [0x00000000e0000000, 0x0000000100000000)
  region size 1024K, 118 young (120832K), 6 survivors (6144K)
 Metaspace       used 21186K, committed 21504K, reserved 339968K
  class space    used 3069K, committed 3264K, reserved 315392K
}
Event: 379.004 GC heap after
{Heap after GC invocations=4 (full 0):
 garbage-first heap   total 262144K, used 25001K [0x00000000e0000000, 0x0000000100000000)
  region size 1024K, 14 young (14336K), 14 survivors (14336K)
 Metaspace       used 21186K, committed 21504K, reserved 339968K
  class space    used 3069K, committed 3264K, reserved 315392K
}

