# JRE version: Java(TM) SE Runtime Environment (17.0.2+8) (build 17.0.2+8-LTS-86)
# Java VM: Java HotSpot(TM) 64-Bit Server VM (17.0.2+8-LTS-86, mixed mode, sharing, tiered, compressed oops, compressed class ptrs, g1 gc, windows-amd64)
GC Precious Log:
 CPUs: 8 total, 8 available
 Memory: 16057M
 Large Page Support: Disabled
 NUMA Support: Disabled
 Compressed Oops: Enabled (32-bit)
 Heap Region Size: 1M
 Heap Min Capacity: 256M
 Heap Initial Capacity: 256M
 Heap Max Capacity: 512M
 Pre-touch: Disabled
 Parallel Workers: 8
 Concurrent Workers: 2
 Concurrent Refinement Workers: 8
 Periodic GC: Disabled
Heap:
 garbage-first heap   total 262144K, used 72909K [0x00000000e0000000, 0x0000000100000000)
  region size 1024K, 60 young (61440K), 12 survivors (12288K)
 Metaspace       used 26788K, committed 27200K, reserved 339968K
  class space    used 3969K, committed 4160K, reserved 315392K
GC Heap History (8 events):
Event: 62.555 GC heap before
{Heap before GC invocations=0 (full 0):
 garbage-first heap   total 262144K, used 22528K [0x00000000e0000000, 0x0000000100000000)
  region size 1024K, 23 young (23552K), 0 survivors (0K)
 Metaspace       used 1122K, committed 1280K, reserved 323584K
  class space    used 77K, committed 128K, reserved 315392K
}
Event: 66.299 GC heap after
{Heap after GC invocations=1 (full 0):
 garbage-first heap   total 262144K, used 4224K [0x00000000e0000000, 0x0000000100000000)
  region size 1024K, 3 young (3072K), 3 survivors (3072K)
 Metaspace       used 1122K, committed 1280K, reserved 323584K
  class space    used 77K, committed 128K, reserved 315392K
}
Event: 123.761 GC heap before
{Heap before GC invocations=1 (full 0):
 garbage-first heap   total 262144K, used 36992K [0x00000000e0000000, 0x0000000100000000)
  region size 1024K, 32 young (32768K), 3 survivors (3072K)
 Metaspace       used 4401K, committed 4608K, reserved 323584K
  class space    used 546K, committed 640K, reserved 315392K
}
Event: 123.779 GC heap after
{Heap after GC invocations=2 (full 0):
 garbage-first heap   total 262144K, used 12057K [0x00000000e0000000, 0x0000000100000000)
  region size 1024K, 4 young (4096K), 4 survivors (4096K)
 Metaspace       used 4401K, committed 4608K, reserved 323584K
  class space    used 546K, committed 640K, reserved 315392K
}
Event: 195.207 GC heap before
{Heap before GC invocations=2 (full 0):
 garbage-first heap   total 262144K, used 56089K [0x00000000e0000000, 0x0000000100000000)
  region size 1024K, 45 young (46080K), 4 survivors (4096K)
 Metaspace       used 4536K, committed 4672K, reserved 323584K
  class space    used 552K, committed 640K, reserved 315392K
}
Event: 195.214 GC heap after
{Heap after GC invocations=3 (full 0):
 garbage-first heap   total 262144K, used 17321K [0x00000000e0000000, 0x0000000100000000)
  region size 1024K, 5 young (5120K), 5 survivors (5120K)
 Metaspace       used 4536K, committed 4672K, reserved 323584K
  class space    used 552K, committed 640K, reserved 315392K
}
Event: 294.053 GC heap before
{Heap before GC invocations=3 (full 0):
 garbage-first heap   total 262144K, used 129961K [0x00000000e0000000, 0x0000000100000000)
  region size 1024K, 116 young (118784K), 5 survivors (5120K)
 Metaspace       used 21117K, committed 21504K, reserved 339968K
  class space    used 3065K, committed 3264K, reserved 315392K
}
Event: 294.087 GC heap after
{Heap after GC invocations=4 (full 0):
 garbage-first heap   total 262144K, used 24781K [0x00000000e0000000, 0x0000000100000000)
  region size 1024K, 12 young (12288K), 12 survivors (12288K)
 Metaspace       used 21117K, committed 21504K, reserved 339968K
  class space    used 3065K, committed 3264K, reserved 315392K
}

